<?xml version="1.0" encoding="UTF-8"?>
<testsuite name="com.fitness.app.RutinaTest" tests="24" skipped="0" failures="0" errors="0" timestamp="2026-04-15T21:45:14" hostname="ANGEL" time="0.885">
  <properties/>
  <testcase name="testGuardar1()" classname="com.fitness.app.RutinaTest" time="0.763"/>
  <testcase name="testGuardar2()" classname="com.fitness.app.RutinaTest" time="0.005"/>
  <testcase name="testGuardar3()" classname="com.fitness.app.RutinaTest" time="0.004"/>
  <testcase name="testFiltroDuracion1()" classname="com.fitness.app.RutinaTest" time="0.02"/>
  <testcase name="testFiltroDuracion2()" classname="com.fitness.app.RutinaTest" time="0.003"/>
  <testcase name="testFiltroDuracion3()" classname="com.fitness.app.RutinaTest" time="0.002"/>
  <testcase name="testEliminar1()" classname="com.fitness.app.RutinaTest" time="0.005"/>
  <testcase name="testEliminar2()" classname="com.fitness.app.RutinaTest" time="0.005"/>
  <testcase name="testEliminar3()" classname="com.fitness.app.RutinaTest" time="0.003"/>
  <testcase name="testListar1()" classname="com.fitness.app.RutinaTest" time="0.007"/>
  <testcase name="testListar2()" classname="com.fitness.app.RutinaTest" time="0.002"/>
  <testcase name="testListar3()" classname="com.fitness.app.RutinaTest" time="0.004"/>
  <testcase name="testBuscar1()" classname="com.fitness.app.RutinaTest" time="0.004"/>
  <testcase name="testBuscar2()" classname="com.fitness.app.RutinaTest" time="0.004"/>
  <testcase name="testBuscar3()" classname="com.fitness.app.RutinaTest" time="0.002"/>
  <testcase name="testActualizar1()" classname="com.fitness.app.RutinaTest" time="0.007"/>
  <testcase name="testActualizar2()" classname="com.fitness.app.RutinaTest" time="0.005"/>
  <testcase name="testActualizar3()" classname="com.fitness.app.RutinaTest" time="0.003"/>
  <testcase name="testCount1()" classname="com.fitness.app.RutinaTest" time="0.003"/>
  <testcase name="testCount2()" classname="com.fitness.app.RutinaTest" time="0.003"/>
  <testcase name="testCount3()" classname="com.fitness.app.RutinaTest" time="0.003"/>
  <testcase name="testFiltroTipo1()" classname="com.fitness.app.RutinaTest" time="0.003"/>
  <testcase name="testFiltroTipo2()" classname="com.fitness.app.RutinaTest" time="0.003"/>
  <testcase name="testFiltroTipo3()" classname="com.fitness.app.RutinaTest" time="0.003"/>
  <system-out><![CDATA[16:45:13.058 [Test worker] INFO org.springframework.test.context.support.AnnotationConfigContextLoaderUtils -- Could not detect default configuration classes for test class [com.fitness.app.RutinaTest]: RutinaTest does not declare any static, non-private, non-final, nested classes annotated with @Configuration.
16:45:13.152 [Test worker] INFO org.springframework.boot.test.context.SpringBootTestContextBootstrapper -- Found @SpringBootConfiguration com.fitness.app.FitnessApplication for test class com.fitness.app.RutinaTest

  .   ____          _            __ _ _
 /\\ / ___'_ __ _ _(_)_ __  __ _ \ \ \ \
( ( )\___ | '_ | '_| | '_ \/ _` | \ \ \ \
 \\/  ___)| |_)| | | | | || (_| |  ) ) ) )
  '  |____| .__|_| |_|_| |_\__, | / / / /
 =========|_|==============|___/=/_/_/_/

 :: Spring Boot ::                (v3.3.2)

2026-04-15T16:45:13.578-05:00  INFO 22756 --- [ProyecDesarrollo] [    Test worker] com.fitness.app.RutinaTest               : Starting RutinaTest using Java 23.0.1 with PID 22756 (started by angel in C:\Users\angel\Downloads\ProyecDesarrollo)
2026-04-15T16:45:13.579-05:00  INFO 22756 --- [ProyecDesarrollo] [    Test worker] com.fitness.app.RutinaTest               : No active profile set, falling back to 1 default profile: "default"
2026-04-15T16:45:14.519-05:00  INFO 22756 --- [ProyecDesarrollo] [    Test worker] o.s.b.t.m.w.SpringBootMockServletContext : Initializing Spring TestDispatcherServlet ''
2026-04-15T16:45:14.520-05:00  INFO 22756 --- [ProyecDesarrollo] [    Test worker] o.s.t.web.servlet.TestDispatcherServlet  : Initializing Servlet ''
2026-04-15T16:45:14.523-05:00  INFO 22756 --- [ProyecDesarrollo] [    Test worker] o.s.t.web.servlet.TestDispatcherServlet  : Completed initialization in 1 ms
2026-04-15T16:45:14.551-05:00  INFO 22756 --- [ProyecDesarrollo] [    Test worker] com.fitness.app.RutinaTest               : Started RutinaTest in 1.173 seconds (process running for 2.222)
]]></system-out>
  <system-err><![CDATA[WARNING: A Java agent has been loaded dynamically (C:\Users\angel\.gradle\caches\modules-2\files-2.1\net.bytebuddy\byte-buddy-agent\1.14.18\417558ea01fe9f0e8a94af28b9469d281c4e3984\byte-buddy-agent-1.14.18.jar)
WARNING: If a serviceability tool is in use, please run with -XX:+EnableDynamicAgentLoading to hide this warning
WARNING: If a serviceability tool is not in use, please run with -Djdk.instrument.traceUsage for more information
WARNING: Dynamic loading of agents will be disallowed by default in a future release
]]></system-err>
</testsuite>
